# JRE version: Java(TM) SE Runtime Environment (9.0+11) (build 9.0.4+11)
# Java VM: Java HotSpot(TM) 64-Bit Server VM (9.0.4+11, mixed mode, tiered, compressed oops, g1 gc, bsd-amd64)
Heap:
 garbage-first heap   total 80896K, used 38090K [0x0000000780000000, 0x0000000780100278, 0x00000007c0000000)
  region size 1024K, 30 young (30720K), 3 survivors (3072K)
 Metaspace       used 11048K, capacity 11413K, committed 11648K, reserved 1060864K
  class space    used 951K, capacity 1048K, committed 1152K, reserved 1048576K
GC Heap History (10 events):
Event: 7.167 GC heap before
{Heap before GC invocations=7 (full 0):
 garbage-first heap   total 65536K, used 42538K [0x0000000780000000, 0x0000000780100200, 0x00000007c0000000)
  region size 1024K, 35 young (35840K), 3 survivors (3072K)
 Metaspace       used 10882K, capacity 11285K, committed 11392K, reserved 1058816K
  class space    used 949K, capacity 1048K, committed 1152K, reserved 1048576K
}
Event: 7.194 GC heap after
{Heap after GC invocations=8 (full 0):
 garbage-first heap   total 65536K, used 11188K [0x0000000780000000, 0x0000000780100200, 0x00000007c0000000)
  region size 1024K, 3 young (3072K), 3 survivors (3072K)
 Metaspace       used 10882K, capacity 11285K, committed 11392K, reserved 1058816K
  class space    used 949K, capacity 1048K, committed 1152K, reserved 1048576K
}
Event: 14.099 GC heap before
{Heap before GC invocations=8 (full 0):
 garbage-first heap   total 65536K, used 44980K [0x0000000780000000, 0x0000000780100200, 0x00000007c0000000)
  region size 1024K, 35 young (35840K), 3 survivors (3072K)
 Metaspace       used 10978K, capacity 11349K, committed 11648K, reserved 1060864K
  class space    used 951K, capacity 1048K, committed 1152K, reserved 1048576K
}
Event: 14.118 GC heap after
{Heap after GC invocations=9 (full 0):
 garbage-first heap   total 80896K, used 11599K [0x0000000780000000, 0x0000000780100278, 0x00000007c0000000)
  region size 1024K, 3 young (3072K), 3 survivors (3072K)
 Metaspace       used 10978K, capacity 11349K, committed 11648K, reserved 1060864K
  class space    used 951K, capacity 1048K, committed 1152K, reserved 1048576K
}
Event: 26.080 GC heap before
{Heap before GC invocations=9 (full 0):
 garbage-first heap   total 80896K, used 49487K [0x0000000780000000, 0x0000000780100278, 0x00000007c0000000)
  region size 1024K, 40 young (40960K), 3 survivors (3072K)
 Metaspace       used 10994K, capacity 11349K, committed 11648K, reserved 1060864K
  class space    used 951K, capacity 1048K, committed 1152K, reserved 1048576K
}
Event: 26.097 GC heap after
{Heap after GC invocations=10 (full 0):
 garbage-first heap   total 80896K, used 11450K [0x0000000780000000, 0x0000000780100278, 0x00000007c0000000)
  region size 1024K, 3 young (3072K), 3 survivors (3072K)
 Metaspace       used 10994K, capacity 11349K, committed 11648K, reserved 1060864K
  class space    used 951K, capacity 1048K, committed 1152K, reserved 1048576K
}
Event: 39.808 GC heap before
{Heap before GC invocations=10 (full 0):
 garbage-first heap   total 80896K, used 54458K [0x0000000780000000, 0x0000000780100278, 0x00000007c0000000)
  region size 1024K, 45 young (46080K), 3 survivors (3072K)
 Metaspace       used 11038K, capacity 11413K, committed 11648K, reserved 1060864K
  class space    used 951K, capacity 1048K, committed 1152K, reserved 1048576K
}
Event: 39.825 GC heap after
{Heap after GC invocations=11 (full 0):
 garbage-first heap   total 80896K, used 11705K [0x0000000780000000, 0x0000000780100278, 0x00000007c0000000)
  region size 1024K, 3 young (3072K), 3 survivors (3072K)
 Metaspace       used 11038K, capacity 11413K, committed 11648K, reserved 1060864K
  class space    used 951K, capacity 1048K, committed 1152K, reserved 1048576K
}
Event: 54.035 GC heap before
{Heap before GC invocations=11 (full 0):
 garbage-first heap   total 80896K, used 56761K [0x0000000780000000, 0x0000000780100278, 0x00000007c0000000)
  region size 1024K, 47 young (48128K), 3 survivors (3072K)
 Metaspace       used 11045K, capacity 11413K, committed 11648K, reserved 1060864K
  class space    used 951K, capacity 1048K, committed 1152K, reserved 1048576K
}
Event: 54.053 GC heap after
{Heap after GC invocations=12 (full 0):
 garbage-first heap   total 80896K, used 11466K [0x0000000780000000, 0x0000000780100278, 0x00000007c0000000)
  region size 1024K, 3 young (3072K), 3 survivors (3072K)
 Metaspace       used 11045K, capacity 11413K, committed 11648K, reserved 1060864K
  class space    used 951K, capacity 1048K, committed 1152K, reserved 1048576K
}

